<?xml version="1.0" encoding="UTF-8"?>
<!-- Generated by org.testng.reporters.JUnitReportReporter -->
<testsuite hostname="DESKTOP-2DSSCG0" failures="0" tests="2" name="qaclickacademy.Javamaven.SelenimTest" time="0.018" errors="0" timestamp="2022-08-01T17:47:13 IST" skipped="0">
  <testcase classname="qaclickacademy.Javamaven.SelenimTest" name="BrowserAutomation" time="0.016"/>
  <system-out/>
  <testcase classname="qaclickacademy.Javamaven.SelenimTest" name="elementsui" time="0.002"/>
  <system-out/>
</testsuite> <!-- qaclickacademy.Javamaven.SelenimTest -->
