<?xml version="1.0" encoding="UTF-8"?>
<!-- Generated by org.testng.reporters.JUnitReportReporter -->
<testsuite hostname="DESKTOP-2DSSCG0" failures="0" tests="2" name="qaclickacademy.Javamaven.AppiumTest" time="0.014" errors="0" timestamp="2022-08-01T17:46:04 IST" skipped="0">
  <testcase classname="qaclickacademy.Javamaven.AppiumTest" name="IOSApp" time="0.012"/>
  <system-out/>
  <testcase classname="qaclickacademy.Javamaven.AppiumTest" name="NativeAppAndroid" time="0.002"/>
  <system-out/>
</testsuite> <!-- qaclickacademy.Javamaven.AppiumTest -->
