<?xml version="1.0" encoding="UTF-8"?>
<!-- Generated by org.testng.reporters.JUnitReportReporter -->
<testsuite hostname="DESKTOP-2DSSCG0" failures="0" tests="2" name="qaclickacademy.Javamaven.SelenimTest" time="0.002" errors="0" timestamp="2022-08-02T15:38:57 IST" skipped="0">
  <testcase classname="qaclickacademy.Javamaven.SelenimTest" name="BrowserAutomation" time="0.001"/>
  <system-out/>
  <testcase classname="qaclickacademy.Javamaven.SelenimTest" name="elementsui" time="0.001"/>
  <system-out/>
</testsuite> <!-- qaclickacademy.Javamaven.SelenimTest -->
