<?xml version="1.0" encoding="UTF-8"?>
<!-- Generated by org.testng.reporters.JUnitReportReporter -->
<testsuite hostname="DESKTOP-2DSSCG0" failures="0" tests="2" name="qaclickacademy.Javamaven.RestAPITest" time="0.001" errors="0" timestamp="2022-08-02T15:38:57 IST" skipped="0">
  <testcase classname="qaclickacademy.Javamaven.RestAPITest" name="postJira" time="0.001"/>
  <system-out/>
  <testcase classname="qaclickacademy.Javamaven.RestAPITest" name="deleteTwitter" time="0.000"/>
  <system-out/>
</testsuite> <!-- qaclickacademy.Javamaven.RestAPITest -->
